# JRE version: OpenJDK Runtime Environment (11.0.12+7) (build 11.0.12+7-b1504.28-7817840)
# Java VM: OpenJDK 64-Bit Server VM (11.0.12+7-b1504.28-7817840, mixed mode, tiered, compressed oops, g1 gc, windows-amd64)
Heap:
 garbage-first heap   total 78848K, used 58096K [0x0000000080000000, 0x0000000100000000)
  region size 1024K, 24 young (24576K), 2 survivors (2048K)
 Metaspace       used 52487K, capacity 53685K, committed 53880K, reserved 1095680K
  class space    used 6575K, capacity 7008K, committed 7116K, reserved 1048576K
GC Heap History (20 events):
Event: 11.771 GC heap before
{Heap before GC invocations=9 (full 0):
 garbage-first heap   total 65536K, used 36550K [0x0000000080000000, 0x0000000100000000)
  region size 1024K, 16 young (16384K), 3 survivors (3072K)
 Metaspace       used 34716K, capacity 35549K, committed 35628K, reserved 1081344K
  class space    used 4416K, capacity 4726K, committed 4736K, reserved 1048576K
}
Event: 11.784 GC heap after
{Heap after GC invocations=10 (full 0):
 garbage-first heap   total 65536K, used 27235K [0x0000000080000000, 0x0000000100000000)
  region size 1024K, 3 young (3072K), 3 survivors (3072K)
 Metaspace       used 34716K, capacity 35549K, committed 35628K, reserved 1081344K
  class space    used 4416K, capacity 4726K, committed 4736K, reserved 1048576K
}
Event: 12.392 GC heap before
{Heap before GC invocations=11 (full 0):
 garbage-first heap   total 65536K, used 50787K [0x0000000080000000, 0x0000000100000000)
  region size 1024K, 24 young (24576K), 3 survivors (3072K)
 Metaspace       used 37514K, capacity 38365K, committed 38520K, reserved 1083392K
  class space    used 4718K, capacity 5045K, committed 5068K, reserved 1048576K
}
Event: 12.399 GC heap after
{Heap after GC invocations=12 (full 0):
 garbage-first heap   total 65536K, used 28834K [0x0000000080000000, 0x0000000100000000)
  region size 1024K, 2 young (2048K), 2 survivors (2048K)
 Metaspace       used 37514K, capacity 38365K, committed 38520K, reserved 1083392K
  class space    used 4718K, capacity 5045K, committed 5068K, reserved 1048576K
}
Event: 12.754 GC heap before
{Heap before GC invocations=12 (full 0):
 garbage-first heap   total 65536K, used 49314K [0x0000000080000000, 0x0000000100000000)
  region size 1024K, 22 young (22528K), 2 survivors (2048K)
 Metaspace       used 39096K, capacity 40015K, committed 40056K, reserved 1083392K
  class space    used 4956K, capacity 5294K, committed 5324K, reserved 1048576K
}
Event: 12.761 GC heap after
{Heap after GC invocations=13 (full 0):
 garbage-first heap   total 65536K, used 29925K [0x0000000080000000, 0x0000000100000000)
  region size 1024K, 3 young (3072K), 3 survivors (3072K)
 Metaspace       used 39096K, capacity 40015K, committed 40056K, reserved 1083392K
  class space    used 4956K, capacity 5294K, committed 5324K, reserved 1048576K
}
Event: 13.145 GC heap before
{Heap before GC invocations=13 (full 0):
 garbage-first heap   total 65536K, used 50405K [0x0000000080000000, 0x0000000100000000)
  region size 1024K, 23 young (23552K), 3 survivors (3072K)
 Metaspace       used 40741K, capacity 41742K, committed 41976K, reserved 1085440K
  class space    used 5228K, capacity 5574K, committed 5708K, reserved 1048576K
}
Event: 13.151 GC heap after
{Heap after GC invocations=14 (full 0):
 garbage-first heap   total 65536K, used 31010K [0x0000000080000000, 0x0000000100000000)
  region size 1024K, 3 young (3072K), 3 survivors (3072K)
 Metaspace       used 40741K, capacity 41742K, committed 41976K, reserved 1085440K
  class space    used 5228K, capacity 5574K, committed 5708K, reserved 1048576K
}
Event: 13.696 GC heap before
{Heap before GC invocations=14 (full 0):
 garbage-first heap   total 65536K, used 51490K [0x0000000080000000, 0x0000000100000000)
  region size 1024K, 23 young (23552K), 3 survivors (3072K)
 Metaspace       used 43581K, capacity 44626K, committed 44792K, reserved 1087488K
  class space    used 5567K, capacity 5940K, committed 5964K, reserved 1048576K
}
Event: 13.702 GC heap after
{Heap after GC invocations=15 (full 0):
 garbage-first heap   total 65536K, used 31911K [0x0000000080000000, 0x0000000100000000)
  region size 1024K, 2 young (2048K), 2 survivors (2048K)
 Metaspace       used 43581K, capacity 44626K, committed 44792K, reserved 1087488K
  class space    used 5567K, capacity 5940K, committed 5964K, reserved 1048576K
}
Event: 14.539 GC heap before
{Heap before GC invocations=15 (full 0):
 garbage-first heap   total 65536K, used 51367K [0x0000000080000000, 0x0000000100000000)
  region size 1024K, 22 young (22528K), 2 survivors (2048K)
 Metaspace       used 46433K, capacity 47509K, committed 47736K, reserved 1091584K
  class space    used 5921K, capacity 6277K, committed 6348K, reserved 1048576K
}
Event: 14.552 GC heap after
{Heap after GC invocations=16 (full 0):
 garbage-first heap   total 65536K, used 34092K [0x0000000080000000, 0x0000000100000000)
  region size 1024K, 3 young (3072K), 3 survivors (3072K)
 Metaspace       used 46433K, capacity 47509K, committed 47736K, reserved 1091584K
  class space    used 5921K, capacity 6277K, committed 6348K, reserved 1048576K
}
Event: 16.217 GC heap before
{Heap before GC invocations=17 (full 0):
 garbage-first heap   total 65536K, used 52524K [0x0000000080000000, 0x0000000100000000)
  region size 1024K, 21 young (21504K), 3 survivors (3072K)
 Metaspace       used 51020K, capacity 52114K, committed 52472K, reserved 1095680K
  class space    used 6475K, capacity 6874K, committed 6988K, reserved 1048576K
}
Event: 16.225 GC heap after
{Heap after GC invocations=18 (full 0):
 garbage-first heap   total 78848K, used 35825K [0x0000000080000000, 0x0000000100000000)
  region size 1024K, 2 young (2048K), 2 survivors (2048K)
 Metaspace       used 51020K, capacity 52114K, committed 52472K, reserved 1095680K
  class space    used 6475K, capacity 6874K, committed 6988K, reserved 1048576K
}
Event: 20.642 GC heap before
{Heap before GC invocations=18 (full 0):
 garbage-first heap   total 78848K, used 57329K [0x0000000080000000, 0x0000000100000000)
  region size 1024K, 23 young (23552K), 2 survivors (2048K)
 Metaspace       used 51986K, capacity 53159K, committed 53368K, reserved 1095680K
  class space    used 6571K, capacity 7008K, committed 7116K, reserved 1048576K
}
Event: 20.646 GC heap after
{Heap after GC invocations=19 (full 0):
 garbage-first heap   total 78848K, used 36434K [0x0000000080000000, 0x0000000100000000)
  region size 1024K, 3 young (3072K), 3 survivors (3072K)
 Metaspace       used 51986K, capacity 53159K, committed 53368K, reserved 1095680K
  class space    used 6571K, capacity 7008K, committed 7116K, reserved 1048576K
}
Event: 58.587 GC heap before
{Heap before GC invocations=19 (full 0):
 garbage-first heap   total 78848K, used 58962K [0x0000000080000000, 0x0000000100000000)
  region size 1024K, 25 young (25600K), 3 survivors (3072K)
 Metaspace       used 52414K, capacity 53621K, committed 53880K, reserved 1095680K
  class space    used 6576K, capacity 7009K, committed 7116K, reserved 1048576K
}
Event: 58.591 GC heap after
{Heap after GC invocations=20 (full 0):
 garbage-first heap   total 78848K, used 36969K [0x0000000080000000, 0x0000000100000000)
  region size 1024K, 2 young (2048K), 2 survivors (2048K)
 Metaspace       used 52414K, capacity 53621K, committed 53880K, reserved 1095680K
  class space    used 6576K, capacity 7009K, committed 7116K, reserved 1048576K
}
Event: 104.376 GC heap before
{Heap before GC invocations=20 (full 0):
 garbage-first heap   total 78848K, used 60521K [0x0000000080000000, 0x0000000100000000)
  region size 1024K, 25 young (25600K), 2 survivors (2048K)
 Metaspace       used 52433K, capacity 53621K, committed 53880K, reserved 1095680K
  class space    used 6576K, capacity 7009K, committed 7116K, reserved 1048576K
}
Event: 104.379 GC heap after
{Heap after GC invocations=21 (full 0):
 garbage-first heap   total 78848K, used 36592K [0x0000000080000000, 0x0000000100000000)
  region size 1024K, 2 young (2048K), 2 survivors (2048K)
 Metaspace       used 52433K, capacity 53621K, committed 53880K, reserved 1095680K
  class space    used 6576K, capacity 7009K, committed 7116K, reserved 1048576K
}

