# JRE version: OpenJDK Runtime Environment (11.0.12+7) (build 11.0.12+7-b1504.28-7817840)
# Java VM: OpenJDK 64-Bit Server VM (11.0.12+7-b1504.28-7817840, mixed mode, tiered, compressed oops, g1 gc, windows-amd64)
Heap:
 garbage-first heap   total 78848K, used 49721K [0x0000000080000000, 0x0000000100000000)
  region size 1024K, 4 young (4096K), 2 survivors (2048K)
 Metaspace       used 59250K, capacity 60645K, committed 60752K, reserved 1101824K
  class space    used 7254K, capacity 7712K, committed 7808K, reserved 1048576K
GC Heap History (20 events):
Event: 12.897 GC heap before
{Heap before GC invocations=16 (full 0):
 garbage-first heap   total 78848K, used 61949K [0x0000000080000000, 0x0000000100000000)
  region size 1024K, 26 young (26624K), 3 survivors (3072K)
 Metaspace       used 45487K, capacity 46592K, committed 46672K, reserved 1089536K
  class space    used 5587K, capacity 5966K, committed 6016K, reserved 1048576K
}
Event: 12.907 GC heap after
{Heap after GC invocations=17 (full 0):
 garbage-first heap   total 78848K, used 40519K [0x0000000080000000, 0x0000000100000000)
  region size 1024K, 4 young (4096K), 4 survivors (4096K)
 Metaspace       used 45487K, capacity 46592K, committed 46672K, reserved 1089536K
  class space    used 5587K, capacity 5966K, committed 6016K, reserved 1048576K
}
Event: 13.704 GC heap before
{Heap before GC invocations=17 (full 0):
 garbage-first heap   total 78848K, used 63047K [0x0000000080000000, 0x0000000100000000)
  region size 1024K, 26 young (26624K), 4 survivors (4096K)
 Metaspace       used 47277K, capacity 48441K, committed 48720K, reserved 1091584K
  class space    used 5882K, capacity 6239K, committed 6272K, reserved 1048576K
}
Event: 13.719 GC heap after
{Heap after GC invocations=18 (full 0):
 garbage-first heap   total 78848K, used 42389K [0x0000000080000000, 0x0000000100000000)
  region size 1024K, 4 young (4096K), 4 survivors (4096K)
 Metaspace       used 47277K, capacity 48441K, committed 48720K, reserved 1091584K
  class space    used 5882K, capacity 6239K, committed 6272K, reserved 1048576K
}
Event: 14.526 GC heap before
{Heap before GC invocations=19 (full 0):
 garbage-first heap   total 78848K, used 63893K [0x0000000080000000, 0x0000000100000000)
  region size 1024K, 25 young (25600K), 4 survivors (4096K)
 Metaspace       used 48473K, capacity 49777K, committed 50000K, reserved 1093632K
  class space    used 6082K, capacity 6495K, committed 6528K, reserved 1048576K
}
Event: 14.534 GC heap after
{Heap after GC invocations=20 (full 0):
 garbage-first heap   total 78848K, used 43529K [0x0000000080000000, 0x0000000100000000)
  region size 1024K, 4 young (4096K), 4 survivors (4096K)
 Metaspace       used 48473K, capacity 49777K, committed 50000K, reserved 1093632K
  class space    used 6082K, capacity 6495K, committed 6528K, reserved 1048576K
}
Event: 15.275 GC heap before
{Heap before GC invocations=20 (full 0):
 garbage-first heap   total 78848K, used 64009K [0x0000000080000000, 0x0000000100000000)
  region size 1024K, 24 young (24576K), 4 survivors (4096K)
 Metaspace       used 51526K, capacity 52803K, committed 52944K, reserved 1095680K
  class space    used 6445K, capacity 6858K, committed 6912K, reserved 1048576K
}
Event: 15.285 GC heap after
{Heap after GC invocations=21 (full 0):
 garbage-first heap   total 78848K, used 45635K [0x0000000080000000, 0x0000000100000000)
  region size 1024K, 3 young (3072K), 3 survivors (3072K)
 Metaspace       used 51526K, capacity 52803K, committed 52944K, reserved 1095680K
  class space    used 6445K, capacity 6858K, committed 6912K, reserved 1048576K
}
Event: 16.863 GC heap before
{Heap before GC invocations=22 (full 0):
 garbage-first heap   total 78848K, used 63043K [0x0000000080000000, 0x0000000100000000)
  region size 1024K, 21 young (21504K), 3 survivors (3072K)
 Metaspace       used 55590K, capacity 56885K, committed 57040K, reserved 1099776K
  class space    used 6968K, capacity 7384K, committed 7424K, reserved 1048576K
}
Event: 16.871 GC heap after
{Heap after GC invocations=23 (full 0):
 garbage-first heap   total 78848K, used 47170K [0x0000000080000000, 0x0000000100000000)
  region size 1024K, 2 young (2048K), 2 survivors (2048K)
 Metaspace       used 55590K, capacity 56885K, committed 57040K, reserved 1099776K
  class space    used 6968K, capacity 7384K, committed 7424K, reserved 1048576K
}
Event: 17.948 GC heap before
{Heap before GC invocations=23 (full 0):
 garbage-first heap   total 78848K, used 63554K [0x0000000080000000, 0x0000000100000000)
  region size 1024K, 19 young (19456K), 2 survivors (2048K)
 Metaspace       used 57862K, capacity 59202K, committed 59344K, reserved 1101824K
  class space    used 7197K, capacity 7625K, committed 7680K, reserved 1048576K
}
Event: 17.953 GC heap after
{Heap after GC invocations=24 (full 0):
 garbage-first heap   total 78848K, used 48059K [0x0000000080000000, 0x0000000100000000)
  region size 1024K, 3 young (3072K), 3 survivors (3072K)
 Metaspace       used 57862K, capacity 59202K, committed 59344K, reserved 1101824K
  class space    used 7197K, capacity 7625K, committed 7680K, reserved 1048576K
}
Event: 22.692 GC heap before
{Heap before GC invocations=25 (full 0):
 garbage-first heap   total 78848K, used 63419K [0x0000000080000000, 0x0000000100000000)
  region size 1024K, 19 young (19456K), 3 survivors (3072K)
 Metaspace       used 58327K, capacity 59701K, committed 59856K, reserved 1101824K
  class space    used 7213K, capacity 7656K, committed 7680K, reserved 1048576K
}
Event: 22.697 GC heap after
{Heap after GC invocations=26 (full 0):
 garbage-first heap   total 78848K, used 48162K [0x0000000080000000, 0x0000000100000000)
  region size 1024K, 2 young (2048K), 2 survivors (2048K)
 Metaspace       used 58327K, capacity 59701K, committed 59856K, reserved 1101824K
  class space    used 7213K, capacity 7656K, committed 7680K, reserved 1048576K
}
Event: 26.558 GC heap before
{Heap before GC invocations=26 (full 0):
 garbage-first heap   total 78848K, used 64546K [0x0000000080000000, 0x0000000100000000)
  region size 1024K, 19 young (19456K), 2 survivors (2048K)
 Metaspace       used 58877K, capacity 60255K, committed 60496K, reserved 1101824K
  class space    used 7252K, capacity 7712K, committed 7808K, reserved 1048576K
}
Event: 26.563 GC heap after
{Heap after GC invocations=27 (full 0):
 garbage-first heap   total 78848K, used 48712K [0x0000000080000000, 0x0000000100000000)
  region size 1024K, 2 young (2048K), 2 survivors (2048K)
 Metaspace       used 58877K, capacity 60255K, committed 60496K, reserved 1101824K
  class space    used 7252K, capacity 7712K, committed 7808K, reserved 1048576K
}
Event: 80.862 GC heap before
{Heap before GC invocations=28 (full 0):
 garbage-first heap   total 78848K, used 66120K [0x0000000080000000, 0x0000000100000000)
  region size 1024K, 19 young (19456K), 2 survivors (2048K)
 Metaspace       used 59154K, capacity 60516K, committed 60752K, reserved 1101824K
  class space    used 7254K, capacity 7712K, committed 7808K, reserved 1048576K
}
Event: 80.869 GC heap after
{Heap after GC invocations=29 (full 0):
 garbage-first heap   total 78848K, used 48758K [0x0000000080000000, 0x0000000100000000)
  region size 1024K, 2 young (2048K), 2 survivors (2048K)
 Metaspace       used 59154K, capacity 60516K, committed 60752K, reserved 1101824K
  class space    used 7254K, capacity 7712K, committed 7808K, reserved 1048576K
}
Event: 141.910 GC heap before
{Heap before GC invocations=29 (full 0):
 garbage-first heap   total 78848K, used 65142K [0x0000000080000000, 0x0000000100000000)
  region size 1024K, 18 young (18432K), 2 survivors (2048K)
 Metaspace       used 59250K, capacity 60645K, committed 60752K, reserved 1101824K
  class space    used 7254K, capacity 7712K, committed 7808K, reserved 1048576K
}
Event: 141.914 GC heap after
{Heap after GC invocations=30 (full 0):
 garbage-first heap   total 78848K, used 48697K [0x0000000080000000, 0x0000000100000000)
  region size 1024K, 2 young (2048K), 2 survivors (2048K)
 Metaspace       used 59250K, capacity 60645K, committed 60752K, reserved 1101824K
  class space    used 7254K, capacity 7712K, committed 7808K, reserved 1048576K
}

