# JRE version: OpenJDK Runtime Environment (11.0.12+7) (build 11.0.12+7-b1504.28-7817840)
# Java VM: OpenJDK 64-Bit Server VM (11.0.12+7-b1504.28-7817840, mixed mode, tiered, compressed oops, g1 gc, windows-amd64)
Heap:
 garbage-first heap   total 278528K, used 127161K [0x0000000080000000, 0x0000000100000000)
  region size 1024K, 3 young (3072K), 3 survivors (3072K)
 Metaspace       used 87862K, capacity 90136K, committed 90524K, reserved 1128448K
  class space    used 11322K, capacity 12154K, committed 12288K, reserved 1048576K
GC Heap History (20 events):
Event: 527.637 GC heap after
{Heap after GC invocations=54 (full 0):
 garbage-first heap   total 115712K, used 97587K [0x0000000080000000, 0x0000000100000000)
  region size 1024K, 1 young (1024K), 1 survivors (1024K)
 Metaspace       used 86157K, capacity 88341K, committed 88860K, reserved 1126400K
  class space    used 11169K, capacity 12003K, committed 12160K, reserved 1048576K
}
Event: 527.726 GC heap before
{Heap before GC invocations=54 (full 0):
 garbage-first heap   total 115712K, used 101683K [0x0000000080000000, 0x0000000100000000)
  region size 1024K, 5 young (5120K), 1 survivors (1024K)
 Metaspace       used 86158K, capacity 88341K, committed 88860K, reserved 1126400K
  class space    used 11169K, capacity 12003K, committed 12160K, reserved 1048576K
}
Event: 527.730 GC heap after
{Heap after GC invocations=55 (full 0):
 garbage-first heap   total 115712K, used 98705K [0x0000000080000000, 0x0000000100000000)
  region size 1024K, 1 young (1024K), 1 survivors (1024K)
 Metaspace       used 86158K, capacity 88341K, committed 88860K, reserved 1126400K
  class space    used 11169K, capacity 12003K, committed 12160K, reserved 1048576K
}
Event: 527.815 GC heap before
{Heap before GC invocations=56 (full 0):
 garbage-first heap   total 115712K, used 102801K [0x0000000080000000, 0x0000000100000000)
  region size 1024K, 5 young (5120K), 1 survivors (1024K)
 Metaspace       used 86187K, capacity 88469K, committed 88860K, reserved 1126400K
  class space    used 11169K, capacity 12003K, committed 12160K, reserved 1048576K
}
Event: 527.819 GC heap after
{Heap after GC invocations=57 (full 0):
 garbage-first heap   total 139264K, used 99845K [0x0000000080000000, 0x0000000100000000)
  region size 1024K, 1 young (1024K), 1 survivors (1024K)
 Metaspace       used 86187K, capacity 88469K, committed 88860K, reserved 1126400K
  class space    used 11169K, capacity 12003K, committed 12160K, reserved 1048576K
}
Event: 527.991 GC heap before
{Heap before GC invocations=57 (full 0):
 garbage-first heap   total 139264K, used 108037K [0x0000000080000000, 0x0000000100000000)
  region size 1024K, 11 young (11264K), 1 survivors (1024K)
 Metaspace       used 86236K, capacity 88469K, committed 88860K, reserved 1126400K
  class space    used 11169K, capacity 12003K, committed 12160K, reserved 1048576K
}
Event: 527.997 GC heap after
{Heap after GC invocations=58 (full 0):
 garbage-first heap   total 139264K, used 102763K [0x0000000080000000, 0x0000000100000000)
  region size 1024K, 2 young (2048K), 2 survivors (2048K)
 Metaspace       used 86236K, capacity 88469K, committed 88860K, reserved 1126400K
  class space    used 11169K, capacity 12003K, committed 12160K, reserved 1048576K
}
Event: 528.136 GC heap before
{Heap before GC invocations=58 (full 0):
 garbage-first heap   total 139264K, used 114027K [0x0000000080000000, 0x0000000100000000)
  region size 1024K, 11 young (11264K), 2 survivors (2048K)
 Metaspace       used 86264K, capacity 88533K, committed 88860K, reserved 1126400K
  class space    used 11169K, capacity 12003K, committed 12160K, reserved 1048576K
}
Event: 528.147 GC heap after
{Heap after GC invocations=59 (full 0):
 garbage-first heap   total 139264K, used 109531K [0x0000000080000000, 0x0000000100000000)
  region size 1024K, 2 young (2048K), 2 survivors (2048K)
 Metaspace       used 86264K, capacity 88533K, committed 88860K, reserved 1126400K
  class space    used 11169K, capacity 12003K, committed 12160K, reserved 1048576K
}
Event: 528.261 GC heap before
{Heap before GC invocations=59 (full 0):
 garbage-first heap   total 139264K, used 115675K [0x0000000080000000, 0x0000000100000000)
  region size 1024K, 8 young (8192K), 2 survivors (2048K)
 Metaspace       used 86267K, capacity 88533K, committed 88860K, reserved 1126400K
  class space    used 11169K, capacity 12003K, committed 12160K, reserved 1048576K
}
Event: 528.271 GC heap after
{Heap after GC invocations=60 (full 0):
 garbage-first heap   total 139264K, used 112108K [0x0000000080000000, 0x0000000100000000)
  region size 1024K, 1 young (1024K), 1 survivors (1024K)
 Metaspace       used 86267K, capacity 88533K, committed 88860K, reserved 1126400K
  class space    used 11169K, capacity 12003K, committed 12160K, reserved 1048576K
}
Event: 528.371 GC heap before
{Heap before GC invocations=60 (full 0):
 garbage-first heap   total 139264K, used 117228K [0x0000000080000000, 0x0000000100000000)
  region size 1024K, 6 young (6144K), 1 survivors (1024K)
 Metaspace       used 86283K, capacity 88533K, committed 88860K, reserved 1126400K
  class space    used 11169K, capacity 12003K, committed 12160K, reserved 1048576K
}
Event: 528.377 GC heap after
{Heap after GC invocations=61 (full 0):
 garbage-first heap   total 177152K, used 114343K [0x0000000080000000, 0x0000000100000000)
  region size 1024K, 1 young (1024K), 1 survivors (1024K)
 Metaspace       used 86283K, capacity 88533K, committed 88860K, reserved 1126400K
  class space    used 11169K, capacity 12003K, committed 12160K, reserved 1048576K
}
Event: 528.647 GC heap before
{Heap before GC invocations=62 (full 0):
 garbage-first heap   total 177152K, used 130727K [0x0000000080000000, 0x0000000100000000)
  region size 1024K, 18 young (18432K), 1 survivors (1024K)
 Metaspace       used 87202K, capacity 89373K, committed 89628K, reserved 1126400K
  class space    used 11266K, capacity 12070K, committed 12160K, reserved 1048576K
}
Event: 528.655 GC heap after
{Heap after GC invocations=63 (full 0):
 garbage-first heap   total 177152K, used 117677K [0x0000000080000000, 0x0000000100000000)
  region size 1024K, 3 young (3072K), 3 survivors (3072K)
 Metaspace       used 87202K, capacity 89373K, committed 89628K, reserved 1126400K
  class space    used 11266K, capacity 12070K, committed 12160K, reserved 1048576K
}
Event: 528.892 GC heap before
{Heap before GC invocations=63 (full 0):
 garbage-first heap   total 177152K, used 134061K [0x0000000080000000, 0x0000000100000000)
  region size 1024K, 20 young (20480K), 3 survivors (3072K)
 Metaspace       used 87599K, capacity 89879K, committed 90268K, reserved 1128448K
  class space    used 11311K, capacity 12154K, committed 12288K, reserved 1048576K
}
Event: 528.899 GC heap after
{Heap after GC invocations=64 (full 0):
 garbage-first heap   total 177152K, used 118373K [0x0000000080000000, 0x0000000100000000)
  region size 1024K, 1 young (1024K), 1 survivors (1024K)
 Metaspace       used 87599K, capacity 89879K, committed 90268K, reserved 1128448K
  class space    used 11311K, capacity 12154K, committed 12288K, reserved 1048576K
}
Event: 529.692 GC heap before
{Heap before GC invocations=65 (full 0):
 garbage-first heap   total 177152K, used 143973K [0x0000000080000000, 0x0000000100000000)
  region size 1024K, 19 young (19456K), 1 survivors (1024K)
 Metaspace       used 87799K, capacity 90071K, committed 90524K, reserved 1128448K
  class space    used 11322K, capacity 12154K, committed 12288K, reserved 1048576K
}
Event: 529.709 GC heap after
{Heap after GC invocations=66 (full 0):
 garbage-first heap   total 177152K, used 122610K [0x0000000080000000, 0x0000000100000000)
  region size 1024K, 3 young (3072K), 3 survivors (3072K)
 Metaspace       used 87799K, capacity 90071K, committed 90524K, reserved 1128448K
  class space    used 11322K, capacity 12154K, committed 12288K, reserved 1048576K
}
Event: 530.064 GC heap before
{Heap before GC invocations=66 (full 0):
 garbage-first heap   total 177152K, used 140018K [0x0000000080000000, 0x0000000100000000)
  region size 1024K, 20 young (20480K), 3 survivors (3072K)
 Metaspace       used 87862K, capacity 90136K, committed 90524K, reserved 1128448K
  class space    used 11322K, capacity 12154K, committed 12288K, reserved 1048576K
}

