# JRE version: OpenJDK Runtime Environment (11.0.12+7) (build 11.0.12+7-b1504.28-7817840)
# Java VM: OpenJDK 64-Bit Server VM (11.0.12+7-b1504.28-7817840, mixed mode, tiered, compressed oops, g1 gc, windows-amd64)
Heap:
 garbage-first heap   total 78848K, used 49643K [0x0000000080000000, 0x0000000100000000)
  region size 1024K, 8 young (8192K), 2 survivors (2048K)
 Metaspace       used 48921K, capacity 50218K, committed 50480K, reserved 1093632K
  class space    used 6271K, capacity 6683K, committed 6784K, reserved 1048576K
GC Heap History (20 events):
Event: 9.849 GC heap before
{Heap before GC invocations=13 (full 0):
 garbage-first heap   total 65536K, used 36138K [0x0000000080000000, 0x0000000100000000)
  region size 1024K, 4 young (4096K), 3 survivors (3072K)
 Metaspace       used 35822K, capacity 36684K, committed 36912K, reserved 1081344K
  class space    used 4577K, capacity 4896K, committed 4992K, reserved 1048576K
}
Event: 9.856 GC heap after
{Heap after GC invocations=14 (full 0):
 garbage-first heap   total 65536K, used 35519K [0x0000000080000000, 0x0000000100000000)
  region size 1024K, 1 young (1024K), 1 survivors (1024K)
 Metaspace       used 35822K, capacity 36684K, committed 36912K, reserved 1081344K
  class space    used 4577K, capacity 4896K, committed 4992K, reserved 1048576K
}
Event: 11.211 GC heap before
{Heap before GC invocations=15 (full 0):
 garbage-first heap   total 65536K, used 51903K [0x0000000080000000, 0x0000000100000000)
  region size 1024K, 16 young (16384K), 1 survivors (1024K)
 Metaspace       used 38537K, capacity 39403K, committed 39600K, reserved 1083392K
  class space    used 4817K, capacity 5119K, committed 5120K, reserved 1048576K
}
Event: 11.218 GC heap after
{Heap after GC invocations=16 (full 0):
 garbage-first heap   total 65536K, used 35684K [0x0000000080000000, 0x0000000100000000)
  region size 1024K, 2 young (2048K), 2 survivors (2048K)
 Metaspace       used 38537K, capacity 39403K, committed 39600K, reserved 1083392K
  class space    used 4817K, capacity 5119K, committed 5120K, reserved 1048576K
}
Event: 11.662 GC heap before
{Heap before GC invocations=16 (full 0):
 garbage-first heap   total 65536K, used 51044K [0x0000000080000000, 0x0000000100000000)
  region size 1024K, 17 young (17408K), 2 survivors (2048K)
 Metaspace       used 40010K, capacity 40934K, committed 41136K, reserved 1085440K
  class space    used 5040K, capacity 5354K, committed 5376K, reserved 1048576K
}
Event: 11.666 GC heap after
{Heap after GC invocations=17 (full 0):
 garbage-first heap   total 65536K, used 36163K [0x0000000080000000, 0x0000000100000000)
  region size 1024K, 2 young (2048K), 2 survivors (2048K)
 Metaspace       used 40010K, capacity 40934K, committed 41136K, reserved 1085440K
  class space    used 5040K, capacity 5354K, committed 5376K, reserved 1048576K
}
Event: 12.395 GC heap before
{Heap before GC invocations=18 (full 0):
 garbage-first heap   total 65536K, used 51523K [0x0000000080000000, 0x0000000100000000)
  region size 1024K, 18 young (18432K), 2 survivors (2048K)
 Metaspace       used 40953K, capacity 41974K, committed 42032K, reserved 1085440K
  class space    used 5158K, capacity 5497K, committed 5504K, reserved 1048576K
}
Event: 12.403 GC heap after
{Heap after GC invocations=19 (full 0):
 garbage-first heap   total 65536K, used 37741K [0x0000000080000000, 0x0000000100000000)
  region size 1024K, 3 young (3072K), 3 survivors (3072K)
 Metaspace       used 40953K, capacity 41974K, committed 42032K, reserved 1085440K
  class space    used 5158K, capacity 5497K, committed 5504K, reserved 1048576K
}
Event: 13.167 GC heap before
{Heap before GC invocations=19 (full 0):
 garbage-first heap   total 65536K, used 53101K [0x0000000080000000, 0x0000000100000000)
  region size 1024K, 18 young (18432K), 3 survivors (3072K)
 Metaspace       used 42158K, capacity 43190K, committed 43312K, reserved 1087488K
  class space    used 5319K, capacity 5667K, committed 5760K, reserved 1048576K
}
Event: 13.176 GC heap after
{Heap after GC invocations=20 (full 0):
 garbage-first heap   total 65536K, used 39087K [0x0000000080000000, 0x0000000100000000)
  region size 1024K, 3 young (3072K), 3 survivors (3072K)
 Metaspace       used 42158K, capacity 43190K, committed 43312K, reserved 1087488K
  class space    used 5319K, capacity 5667K, committed 5760K, reserved 1048576K
}
Event: 13.596 GC heap before
{Heap before GC invocations=21 (full 0):
 garbage-first heap   total 65536K, used 53423K [0x0000000080000000, 0x0000000100000000)
  region size 1024K, 17 young (17408K), 3 survivors (3072K)
 Metaspace       used 43500K, capacity 44619K, committed 44848K, reserved 1087488K
  class space    used 5544K, capacity 5930K, committed 6016K, reserved 1048576K
}
Event: 13.607 GC heap after
{Heap after GC invocations=22 (full 0):
 garbage-first heap   total 65536K, used 40297K [0x0000000080000000, 0x0000000100000000)
  region size 1024K, 3 young (3072K), 3 survivors (3072K)
 Metaspace       used 43500K, capacity 44619K, committed 44848K, reserved 1087488K
  class space    used 5544K, capacity 5930K, committed 6016K, reserved 1048576K
}
Event: 14.009 GC heap before
{Heap before GC invocations=22 (full 0):
 garbage-first heap   total 65536K, used 53609K [0x0000000080000000, 0x0000000100000000)
  region size 1024K, 16 young (16384K), 3 survivors (3072K)
 Metaspace       used 44065K, capacity 45215K, committed 45488K, reserved 1089536K
  class space    used 5651K, capacity 6044K, committed 6144K, reserved 1048576K
}
Event: 14.021 GC heap after
{Heap after GC invocations=23 (full 0):
 garbage-first heap   total 65536K, used 41377K [0x0000000080000000, 0x0000000100000000)
  region size 1024K, 2 young (2048K), 2 survivors (2048K)
 Metaspace       used 44065K, capacity 45215K, committed 45488K, reserved 1089536K
  class space    used 5651K, capacity 6044K, committed 6144K, reserved 1048576K
}
Event: 14.311 GC heap before
{Heap before GC invocations=24 (full 0):
 garbage-first heap   total 65536K, used 53665K [0x0000000080000000, 0x0000000100000000)
  region size 1024K, 14 young (14336K), 2 survivors (2048K)
 Metaspace       used 45270K, capacity 46537K, committed 46640K, reserved 1089536K
  class space    used 5828K, capacity 6229K, committed 6272K, reserved 1048576K
}
Event: 14.316 GC heap after
{Heap after GC invocations=25 (full 0):
 garbage-first heap   total 65536K, used 41629K [0x0000000080000000, 0x0000000100000000)
  region size 1024K, 2 young (2048K), 2 survivors (2048K)
 Metaspace       used 45270K, capacity 46537K, committed 46640K, reserved 1089536K
  class space    used 5828K, capacity 6229K, committed 6272K, reserved 1048576K
}
Event: 14.720 GC heap before
{Heap before GC invocations=25 (full 0):
 garbage-first heap   total 65536K, used 53917K [0x0000000080000000, 0x0000000100000000)
  region size 1024K, 14 young (14336K), 2 survivors (2048K)
 Metaspace       used 46219K, capacity 47461K, committed 47536K, reserved 1091584K
  class space    used 5945K, capacity 6345K, committed 6400K, reserved 1048576K
}
Event: 14.727 GC heap after
{Heap after GC invocations=26 (full 0):
 garbage-first heap   total 65536K, used 42584K [0x0000000080000000, 0x0000000100000000)
  region size 1024K, 2 young (2048K), 2 survivors (2048K)
 Metaspace       used 46219K, capacity 47461K, committed 47536K, reserved 1091584K
  class space    used 5945K, capacity 6345K, committed 6400K, reserved 1048576K
}
Event: 15.136 GC heap before
{Heap before GC invocations=27 (full 0):
 garbage-first heap   total 65536K, used 53848K [0x0000000080000000, 0x0000000100000000)
  region size 1024K, 13 young (13312K), 2 survivors (2048K)
 Metaspace       used 48335K, capacity 49610K, committed 49840K, reserved 1093632K
  class space    used 6182K, capacity 6587K, committed 6656K, reserved 1048576K
}
Event: 15.144 GC heap after
{Heap after GC invocations=28 (full 0):
 garbage-first heap   total 78848K, used 44523K [0x0000000080000000, 0x0000000100000000)
  region size 1024K, 2 young (2048K), 2 survivors (2048K)
 Metaspace       used 48335K, capacity 49610K, committed 49840K, reserved 1093632K
  class space    used 6182K, capacity 6587K, committed 6656K, reserved 1048576K
}

