# JRE version: OpenJDK Runtime Environment (11.0.12+7) (build 11.0.12+7-b1504.28-7817840)
# Java VM: OpenJDK 64-Bit Server VM (11.0.12+7-b1504.28-7817840, mixed mode, tiered, compressed oops, g1 gc, windows-amd64)
Heap:
 garbage-first heap   total 186368K, used 88762K [0x0000000080000000, 0x0000000100000000)
  region size 1024K, 12 young (12288K), 3 survivors (3072K)
 Metaspace       used 77232K, capacity 79414K, committed 79664K, reserved 1122304K
  class space    used 9616K, capacity 10304K, committed 10368K, reserved 1048576K
GC Heap History (20 events):
Event: 446.128 GC heap before
{Heap before GC invocations=63 (full 0):
 garbage-first heap   total 95232K, used 74062K [0x0000000080000000, 0x0000000100000000)
  region size 1024K, 18 young (18432K), 1 survivors (1024K)
 Metaspace       used 59360K, capacity 60957K, committed 61360K, reserved 1103872K
  class space    used 7291K, capacity 7805K, committed 7936K, reserved 1048576K
}
Event: 446.131 GC heap after
{Heap after GC invocations=64 (full 0):
 garbage-first heap   total 95232K, used 62872K [0x0000000080000000, 0x0000000100000000)
  region size 1024K, 3 young (3072K), 3 survivors (3072K)
 Metaspace       used 59360K, capacity 60957K, committed 61360K, reserved 1103872K
  class space    used 7291K, capacity 7805K, committed 7936K, reserved 1048576K
}
Event: 446.210 GC heap before
{Heap before GC invocations=64 (full 0):
 garbage-first heap   total 95232K, used 74136K [0x0000000080000000, 0x0000000100000000)
  region size 1024K, 15 young (15360K), 3 survivors (3072K)
 Metaspace       used 59362K, capacity 60957K, committed 61360K, reserved 1103872K
  class space    used 7291K, capacity 7805K, committed 7936K, reserved 1048576K
}
Event: 446.212 GC heap after
{Heap after GC invocations=65 (full 0):
 garbage-first heap   total 114688K, used 60462K [0x0000000080000000, 0x0000000100000000)
  region size 1024K, 1 young (1024K), 1 survivors (1024K)
 Metaspace       used 59362K, capacity 60957K, committed 61360K, reserved 1103872K
  class space    used 7291K, capacity 7805K, committed 7936K, reserved 1048576K
}
Event: 446.389 GC heap before
{Heap before GC invocations=66 (full 0):
 garbage-first heap   total 114688K, used 85038K [0x0000000080000000, 0x0000000100000000)
  region size 1024K, 25 young (25600K), 1 survivors (1024K)
 Metaspace       used 59364K, capacity 60957K, committed 61360K, reserved 1103872K
  class space    used 7291K, capacity 7805K, committed 7936K, reserved 1048576K
}
Event: 446.393 GC heap after
{Heap after GC invocations=67 (full 0):
 garbage-first heap   total 114688K, used 66155K [0x0000000080000000, 0x0000000100000000)
  region size 1024K, 4 young (4096K), 4 survivors (4096K)
 Metaspace       used 59364K, capacity 60957K, committed 61360K, reserved 1103872K
  class space    used 7291K, capacity 7805K, committed 7936K, reserved 1048576K
}
Event: 446.399 GC heap before
{Heap before GC invocations=67 (full 0):
 garbage-first heap   total 114688K, used 66155K [0x0000000080000000, 0x0000000100000000)
  region size 1024K, 5 young (5120K), 4 survivors (4096K)
 Metaspace       used 59364K, capacity 60957K, committed 61360K, reserved 1103872K
  class space    used 7291K, capacity 7805K, committed 7936K, reserved 1048576K
}
Event: 446.400 GC heap after
{Heap after GC invocations=68 (full 0):
 garbage-first heap   total 114688K, used 62403K [0x0000000080000000, 0x0000000100000000)
  region size 1024K, 1 young (1024K), 1 survivors (1024K)
 Metaspace       used 59364K, capacity 60957K, committed 61360K, reserved 1103872K
  class space    used 7291K, capacity 7805K, committed 7936K, reserved 1048576K
}
Event: 446.619 GC heap before
{Heap before GC invocations=68 (full 0):
 garbage-first heap   total 114688K, used 85955K [0x0000000080000000, 0x0000000100000000)
  region size 1024K, 24 young (24576K), 1 survivors (1024K)
 Metaspace       used 59382K, capacity 61021K, committed 61360K, reserved 1103872K
  class space    used 7291K, capacity 7805K, committed 7936K, reserved 1048576K
}
Event: 446.620 GC heap after
{Heap after GC invocations=69 (full 0):
 garbage-first heap   total 114688K, used 65634K [0x0000000080000000, 0x0000000100000000)
  region size 1024K, 3 young (3072K), 3 survivors (3072K)
 Metaspace       used 59382K, capacity 61021K, committed 61360K, reserved 1103872K
  class space    used 7291K, capacity 7805K, committed 7936K, reserved 1048576K
}
Event: 447.053 GC heap before
{Heap before GC invocations=69 (full 0):
 garbage-first heap   total 114688K, used 89186K [0x0000000080000000, 0x0000000100000000)
  region size 1024K, 25 young (25600K), 3 survivors (3072K)
 Metaspace       used 60900K, capacity 62596K, committed 62768K, reserved 1103872K
  class space    used 7510K, capacity 8050K, committed 8064K, reserved 1048576K
}
Event: 447.058 GC heap after
{Heap after GC invocations=70 (full 0):
 garbage-first heap   total 138240K, used 70256K [0x0000000080000000, 0x0000000100000000)
  region size 1024K, 3 young (3072K), 3 survivors (3072K)
 Metaspace       used 60900K, capacity 62596K, committed 62768K, reserved 1103872K
  class space    used 7510K, capacity 8050K, committed 8064K, reserved 1048576K
}
Event: 447.729 GC heap before
{Heap before GC invocations=70 (full 0):
 garbage-first heap   total 138240K, used 106096K [0x0000000080000000, 0x0000000100000000)
  region size 1024K, 38 young (38912K), 3 survivors (3072K)
 Metaspace       used 67078K, capacity 68864K, committed 69168K, reserved 1110016K
  class space    used 8223K, capacity 8775K, committed 8832K, reserved 1048576K
}
Event: 447.735 GC heap after
{Heap after GC invocations=71 (full 0):
 garbage-first heap   total 138240K, used 71874K [0x0000000080000000, 0x0000000100000000)
  region size 1024K, 2 young (2048K), 2 survivors (2048K)
 Metaspace       used 67078K, capacity 68864K, committed 69168K, reserved 1110016K
  class space    used 8223K, capacity 8775K, committed 8832K, reserved 1048576K
}
Event: 448.322 GC heap before
{Heap before GC invocations=71 (full 0):
 garbage-first heap   total 138240K, used 106690K [0x0000000080000000, 0x0000000100000000)
  region size 1024K, 37 young (37888K), 2 survivors (2048K)
 Metaspace       used 69687K, capacity 71586K, committed 71856K, reserved 1112064K
  class space    used 8572K, capacity 9183K, committed 9216K, reserved 1048576K
}
Event: 448.331 GC heap after
{Heap after GC invocations=72 (full 0):
 garbage-first heap   total 138240K, used 75033K [0x0000000080000000, 0x0000000100000000)
  region size 1024K, 5 young (5120K), 5 survivors (5120K)
 Metaspace       used 69687K, capacity 71586K, committed 71856K, reserved 1112064K
  class space    used 8572K, capacity 9183K, committed 9216K, reserved 1048576K
}
Event: 448.996 GC heap before
{Heap before GC invocations=72 (full 0):
 garbage-first heap   total 138240K, used 110873K [0x0000000080000000, 0x0000000100000000)
  region size 1024K, 39 young (39936K), 5 survivors (5120K)
 Metaspace       used 73537K, capacity 75451K, committed 75696K, reserved 1116160K
  class space    used 9020K, capacity 9642K, committed 9728K, reserved 1048576K
}
Event: 449.009 GC heap after
{Heap after GC invocations=73 (full 0):
 garbage-first heap   total 138240K, used 77921K [0x0000000080000000, 0x0000000100000000)
  region size 1024K, 3 young (3072K), 3 survivors (3072K)
 Metaspace       used 73537K, capacity 75451K, committed 75696K, reserved 1116160K
  class space    used 9020K, capacity 9642K, committed 9728K, reserved 1048576K
}
Event: 449.576 GC heap before
{Heap before GC invocations=73 (full 0):
 garbage-first heap   total 138240K, used 111713K [0x0000000080000000, 0x0000000100000000)
  region size 1024K, 36 young (36864K), 3 survivors (3072K)
 Metaspace       used 75708K, capacity 77860K, committed 78128K, reserved 1118208K
  class space    used 9326K, capacity 9999K, committed 10112K, reserved 1048576K
}
Event: 449.585 GC heap after
{Heap after GC invocations=74 (full 0):
 garbage-first heap   total 186368K, used 80570K [0x0000000080000000, 0x0000000100000000)
  region size 1024K, 3 young (3072K), 3 survivors (3072K)
 Metaspace       used 75708K, capacity 77860K, committed 78128K, reserved 1118208K
  class space    used 9326K, capacity 9999K, committed 10112K, reserved 1048576K
}

